<?xml version="1.0" encoding="UTF-8" ?>
<Person name="root">
    <Person name="John"/>
    <Person name="Will"/>
    <Person name="Matt"/>
    <Person name="Lewis"/>
    <Person name="Vince"/>
    <Person name="Graham"/>
    <Person name="Paul"/>
    <Person name="Bryan"/>
    <Person name="Joe"/>
    <Person name="Cheddary Roy"/>
</Person>
